running egg_info
creating ../../build/optical_sorting_system/optical_sorting_system.egg-info
writing ../../build/optical_sorting_system/optical_sorting_system.egg-info/PKG-INFO
writing dependency_links to ../../build/optical_sorting_system/optical_sorting_system.egg-info/dependency_links.txt
writing entry points to ../../build/optical_sorting_system/optical_sorting_system.egg-info/entry_points.txt
writing requirements to ../../build/optical_sorting_system/optical_sorting_system.egg-info/requires.txt
writing top-level names to ../../build/optical_sorting_system/optical_sorting_system.egg-info/top_level.txt
writing manifest file '../../build/optical_sorting_system/optical_sorting_system.egg-info/SOURCES.txt'
reading manifest file '../../build/optical_sorting_system/optical_sorting_system.egg-info/SOURCES.txt'
writing manifest file '../../build/optical_sorting_system/optical_sorting_system.egg-info/SOURCES.txt'
running build
running build_py
creating /home/tj/Programming/ROS2/OSS/oss_ws/build/optical_sorting_system/build
creating /home/tj/Programming/ROS2/OSS/oss_ws/build/optical_sorting_system/build/lib
creating /home/tj/Programming/ROS2/OSS/oss_ws/build/optical_sorting_system/build/lib/optical_sorting_system
copying optical_sorting_system/__init__.py -> /home/tj/Programming/ROS2/OSS/oss_ws/build/optical_sorting_system/build/lib/optical_sorting_system
creating /home/tj/Programming/ROS2/OSS/oss_ws/build/optical_sorting_system/build/lib/optical_sorting_system/pc
copying optical_sorting_system/pc/__init__.py -> /home/tj/Programming/ROS2/OSS/oss_ws/build/optical_sorting_system/build/lib/optical_sorting_system/pc
copying optical_sorting_system/pc/test_node.py -> /home/tj/Programming/ROS2/OSS/oss_ws/build/optical_sorting_system/build/lib/optical_sorting_system/pc
running install
running install_lib
creating /home/tj/Programming/ROS2/OSS/oss_ws/install/optical_sorting_system/lib/python3.10/site-packages/optical_sorting_system
copying /home/tj/Programming/ROS2/OSS/oss_ws/build/optical_sorting_system/build/lib/optical_sorting_system/__init__.py -> /home/tj/Programming/ROS2/OSS/oss_ws/install/optical_sorting_system/lib/python3.10/site-packages/optical_sorting_system
creating /home/tj/Programming/ROS2/OSS/oss_ws/install/optical_sorting_system/lib/python3.10/site-packages/optical_sorting_system/pc
copying /home/tj/Programming/ROS2/OSS/oss_ws/build/optical_sorting_system/build/lib/optical_sorting_system/pc/__init__.py -> /home/tj/Programming/ROS2/OSS/oss_ws/install/optical_sorting_system/lib/python3.10/site-packages/optical_sorting_system/pc
copying /home/tj/Programming/ROS2/OSS/oss_ws/build/optical_sorting_system/build/lib/optical_sorting_system/pc/test_node.py -> /home/tj/Programming/ROS2/OSS/oss_ws/install/optical_sorting_system/lib/python3.10/site-packages/optical_sorting_system/pc
byte-compiling /home/tj/Programming/ROS2/OSS/oss_ws/install/optical_sorting_system/lib/python3.10/site-packages/optical_sorting_system/__init__.py to __init__.cpython-310.pyc
byte-compiling /home/tj/Programming/ROS2/OSS/oss_ws/install/optical_sorting_system/lib/python3.10/site-packages/optical_sorting_system/pc/__init__.py to __init__.cpython-310.pyc
byte-compiling /home/tj/Programming/ROS2/OSS/oss_ws/install/optical_sorting_system/lib/python3.10/site-packages/optical_sorting_system/pc/test_node.py to test_node.cpython-310.pyc
running install_data
creating /home/tj/Programming/ROS2/OSS/oss_ws/install/optical_sorting_system/share/ament_index
creating /home/tj/Programming/ROS2/OSS/oss_ws/install/optical_sorting_system/share/ament_index/resource_index
creating /home/tj/Programming/ROS2/OSS/oss_ws/install/optical_sorting_system/share/ament_index/resource_index/packages
copying resource/optical_sorting_system -> /home/tj/Programming/ROS2/OSS/oss_ws/install/optical_sorting_system/share/ament_index/resource_index/packages
copying package.xml -> /home/tj/Programming/ROS2/OSS/oss_ws/install/optical_sorting_system/share/optical_sorting_system
running install_egg_info
Copying ../../build/optical_sorting_system/optical_sorting_system.egg-info to /home/tj/Programming/ROS2/OSS/oss_ws/install/optical_sorting_system/lib/python3.10/site-packages/optical_sorting_system-0.0.0-py3.10.egg-info
running install_scripts
Installing tester script to /home/tj/Programming/ROS2/OSS/oss_ws/install/optical_sorting_system/lib/optical_sorting_system
writing list of installed files to '/home/tj/Programming/ROS2/OSS/oss_ws/build/optical_sorting_system/install.log'
