[3.637s] DEBUG:colcon:Command line arguments: ['/usr/bin/colcon', 'build']
[3.638s] DEBUG:colcon:Parsed command line arguments: Namespace(log_base=None, log_level=None, verb_name='build', build_base='build', install_base='install', merge_install=False, symlink_install=False, test_result_base=None, continue_on_error=False, executor='parallel', parallel_workers=4, event_handlers=None, ignore_user_meta=False, metas=['./colcon.meta'], base_paths=['.'], packages_ignore=None, packages_ignore_regex=None, paths=None, packages_up_to=None, packages_up_to_regex=None, packages_above=None, packages_above_and_dependencies=None, packages_above_depth=None, packages_select_by_dep=None, packages_skip_by_dep=None, packages_skip_up_to=None, packages_select_build_failed=False, packages_skip_build_finished=False, packages_select_test_failures=False, packages_skip_test_passed=False, packages_select=None, packages_skip=None, packages_select_regex=None, packages_skip_regex=None, packages_start=None, packages_end=None, allow_overriding=[], cmake_args=None, cmake_target=None, cmake_target_skip_unavailable=False, cmake_clean_cache=False, cmake_clean_first=False, cmake_force_configure=False, ament_cmake_args=None, catkin_cmake_args=None, catkin_skip_building_tests=False, verb_parser=<colcon_defaults.argument_parser.defaults.DefaultArgumentsDecorator object at 0xffff8ededbd0>, verb_extension=<colcon_core.verb.build.BuildVerb object at 0xffff8f67f850>, main=<bound method BuildVerb.main of <colcon_core.verb.build.BuildVerb object at 0xffff8f67f850>>)
[3.988s] Level 1:colcon.colcon_core.package_discovery:discover_packages(colcon_meta) check parameters
[3.989s] Level 1:colcon.colcon_core.package_discovery:discover_packages(recursive) check parameters
[3.990s] Level 1:colcon.colcon_core.package_discovery:discover_packages(ignore) check parameters
[3.990s] Level 1:colcon.colcon_core.package_discovery:discover_packages(path) check parameters
[3.991s] Level 1:colcon.colcon_core.package_discovery:discover_packages(colcon_meta) discover
[3.991s] Level 1:colcon.colcon_core.package_discovery:discover_packages(recursive) discover
[3.992s] INFO:colcon.colcon_core.package_discovery:Crawling recursively for packages in '/home/ubuntu/ros_ws'
[3.993s] Level 1:colcon.colcon_core.package_identification:_identify(.) by extensions ['ignore', 'ignore_ament_install']
[3.994s] Level 1:colcon.colcon_core.package_identification:_identify(.) by extension 'ignore'
[3.994s] Level 1:colcon.colcon_core.package_identification:_identify(.) by extension 'ignore_ament_install'
[3.995s] Level 1:colcon.colcon_core.package_identification:_identify(.) by extensions ['colcon_pkg']
[3.996s] Level 1:colcon.colcon_core.package_identification:_identify(.) by extension 'colcon_pkg'
[3.996s] Level 1:colcon.colcon_core.package_identification:_identify(.) by extensions ['colcon_meta']
[3.997s] Level 1:colcon.colcon_core.package_identification:_identify(.) by extension 'colcon_meta'
[3.997s] Level 1:colcon.colcon_core.package_identification:_identify(.) by extensions ['ros']
[3.998s] Level 1:colcon.colcon_core.package_identification:_identify(.) by extension 'ros'
[4.112s] Level 1:colcon.colcon_core.package_identification:_identify(.) by extensions ['cmake', 'python']
[4.113s] Level 1:colcon.colcon_core.package_identification:_identify(.) by extension 'cmake'
[4.114s] Level 1:colcon.colcon_core.package_identification:_identify(.) by extension 'python'
[4.114s] Level 1:colcon.colcon_core.package_identification:_identify(.) by extensions ['python_setup_py']
[4.115s] Level 1:colcon.colcon_core.package_identification:_identify(.) by extension 'python_setup_py'
[4.116s] Level 1:colcon.colcon_core.package_identification:_identify(build) by extensions ['ignore', 'ignore_ament_install']
[4.117s] Level 1:colcon.colcon_core.package_identification:_identify(build) by extension 'ignore'
[4.118s] Level 1:colcon.colcon_core.package_identification:_identify(build) ignored
[4.119s] Level 1:colcon.colcon_core.package_identification:_identify(install) by extensions ['ignore', 'ignore_ament_install']
[4.120s] Level 1:colcon.colcon_core.package_identification:_identify(install) by extension 'ignore'
[4.121s] Level 1:colcon.colcon_core.package_identification:_identify(install) ignored
[4.122s] Level 1:colcon.colcon_core.package_identification:_identify(log) by extensions ['ignore', 'ignore_ament_install']
[4.123s] Level 1:colcon.colcon_core.package_identification:_identify(log) by extension 'ignore'
[4.124s] Level 1:colcon.colcon_core.package_identification:_identify(log) ignored
[4.125s] Level 1:colcon.colcon_core.package_identification:_identify(src) by extensions ['ignore', 'ignore_ament_install']
[4.127s] Level 1:colcon.colcon_core.package_identification:_identify(src) by extension 'ignore'
[4.128s] Level 1:colcon.colcon_core.package_identification:_identify(src) by extension 'ignore_ament_install'
[4.129s] Level 1:colcon.colcon_core.package_identification:_identify(src) by extensions ['colcon_pkg']
[4.129s] Level 1:colcon.colcon_core.package_identification:_identify(src) by extension 'colcon_pkg'
[4.130s] Level 1:colcon.colcon_core.package_identification:_identify(src) by extensions ['colcon_meta']
[4.131s] Level 1:colcon.colcon_core.package_identification:_identify(src) by extension 'colcon_meta'
[4.132s] Level 1:colcon.colcon_core.package_identification:_identify(src) by extensions ['ros']
[4.132s] Level 1:colcon.colcon_core.package_identification:_identify(src) by extension 'ros'
[4.133s] Level 1:colcon.colcon_core.package_identification:_identify(src) by extensions ['cmake', 'python']
[4.134s] Level 1:colcon.colcon_core.package_identification:_identify(src) by extension 'cmake'
[4.134s] Level 1:colcon.colcon_core.package_identification:_identify(src) by extension 'python'
[4.135s] Level 1:colcon.colcon_core.package_identification:_identify(src) by extensions ['python_setup_py']
[4.135s] Level 1:colcon.colcon_core.package_identification:_identify(src) by extension 'python_setup_py'
[4.137s] Level 1:colcon.colcon_core.package_identification:_identify(src/optical_sorting_system) by extensions ['ignore', 'ignore_ament_install']
[4.138s] Level 1:colcon.colcon_core.package_identification:_identify(src/optical_sorting_system) by extension 'ignore'
[4.139s] Level 1:colcon.colcon_core.package_identification:_identify(src/optical_sorting_system) by extension 'ignore_ament_install'
[4.140s] Level 1:colcon.colcon_core.package_identification:_identify(src/optical_sorting_system) by extensions ['colcon_pkg']
[4.141s] Level 1:colcon.colcon_core.package_identification:_identify(src/optical_sorting_system) by extension 'colcon_pkg'
[4.142s] Level 1:colcon.colcon_core.package_identification:_identify(src/optical_sorting_system) by extensions ['colcon_meta']
[4.143s] Level 1:colcon.colcon_core.package_identification:_identify(src/optical_sorting_system) by extension 'colcon_meta'
[4.143s] Level 1:colcon.colcon_core.package_identification:_identify(src/optical_sorting_system) by extensions ['ros']
[4.144s] Level 1:colcon.colcon_core.package_identification:_identify(src/optical_sorting_system) by extension 'ros'
[4.177s] DEBUG:colcon.colcon_core.package_identification:Package 'src/optical_sorting_system' with type 'ros.ament_python' and name 'optical_sorting_system'
[4.177s] Level 1:colcon.colcon_core.package_discovery:discover_packages(recursive) using defaults
[4.178s] Level 1:colcon.colcon_core.package_discovery:discover_packages(ignore) discover
[4.178s] Level 1:colcon.colcon_core.package_discovery:discover_packages(ignore) using defaults
[4.179s] Level 1:colcon.colcon_core.package_discovery:discover_packages(path) discover
[4.179s] Level 1:colcon.colcon_core.package_discovery:discover_packages(path) using defaults
[4.416s] Level 1:colcon.colcon_core.package_discovery:discover_packages(prefix_path) check parameters
[4.416s] Level 1:colcon.colcon_core.package_discovery:discover_packages(prefix_path) discover
[4.457s] DEBUG:colcon.colcon_installed_package_information.package_discovery:Found 270 installed packages in /opt/ros/humble
[4.482s] Level 1:colcon.colcon_core.package_discovery:discover_packages(prefix_path) using defaults
[5.181s] Level 5:colcon.colcon_core.verb:set package 'optical_sorting_system' build argument 'cmake_args' from command line to 'None'
[5.182s] Level 5:colcon.colcon_core.verb:set package 'optical_sorting_system' build argument 'cmake_target' from command line to 'None'
[5.182s] Level 5:colcon.colcon_core.verb:set package 'optical_sorting_system' build argument 'cmake_target_skip_unavailable' from command line to 'False'
[5.182s] Level 5:colcon.colcon_core.verb:set package 'optical_sorting_system' build argument 'cmake_clean_cache' from command line to 'False'
[5.183s] Level 5:colcon.colcon_core.verb:set package 'optical_sorting_system' build argument 'cmake_clean_first' from command line to 'False'
[5.183s] Level 5:colcon.colcon_core.verb:set package 'optical_sorting_system' build argument 'cmake_force_configure' from command line to 'False'
[5.183s] Level 5:colcon.colcon_core.verb:set package 'optical_sorting_system' build argument 'ament_cmake_args' from command line to 'None'
[5.183s] Level 5:colcon.colcon_core.verb:set package 'optical_sorting_system' build argument 'catkin_cmake_args' from command line to 'None'
[5.184s] Level 5:colcon.colcon_core.verb:set package 'optical_sorting_system' build argument 'catkin_skip_building_tests' from command line to 'False'
[5.184s] DEBUG:colcon.colcon_core.verb:Building package 'optical_sorting_system' with the following arguments: {'ament_cmake_args': None, 'build_base': '/home/ubuntu/ros_ws/build/optical_sorting_system', 'catkin_cmake_args': None, 'catkin_skip_building_tests': False, 'cmake_args': None, 'cmake_clean_cache': False, 'cmake_clean_first': False, 'cmake_force_configure': False, 'cmake_target': None, 'cmake_target_skip_unavailable': False, 'install_base': '/home/ubuntu/ros_ws/install/optical_sorting_system', 'merge_install': False, 'path': '/home/ubuntu/ros_ws/src/optical_sorting_system', 'symlink_install': False, 'test_result_base': None}
[5.191s] INFO:colcon.colcon_core.executor:Executing jobs using 'parallel' executor
[5.220s] DEBUG:colcon.colcon_parallel_executor.executor.parallel:run_until_complete
[5.221s] INFO:colcon.colcon_ros.task.ament_python.build:Building ROS package in '/home/ubuntu/ros_ws/src/optical_sorting_system' with build type 'ament_python'
[5.223s] Level 1:colcon.colcon_core.shell:create_environment_hook('optical_sorting_system', 'ament_prefix_path')
[5.269s] INFO:colcon.colcon_core.plugin_system:Skipping extension 'colcon_core.shell.bat': Not used on non-Windows systems
[5.272s] INFO:colcon.colcon_core.shell:Creating environment hook '/home/ubuntu/ros_ws/install/optical_sorting_system/share/optical_sorting_system/hook/ament_prefix_path.ps1'
[5.282s] INFO:colcon.colcon_core.shell:Creating environment descriptor '/home/ubuntu/ros_ws/install/optical_sorting_system/share/optical_sorting_system/hook/ament_prefix_path.dsv'
[5.288s] INFO:colcon.colcon_core.shell:Creating environment hook '/home/ubuntu/ros_ws/install/optical_sorting_system/share/optical_sorting_system/hook/ament_prefix_path.sh'
[5.306s] INFO:colcon.colcon_core.shell:Skip shell extension 'powershell' for command environment: Not usable outside of PowerShell
[5.306s] DEBUG:colcon.colcon_core.shell:Skip shell extension 'dsv' for command environment
[8.418s] INFO:colcon.colcon_core.task.python.build:Building Python package in '/home/ubuntu/ros_ws/src/optical_sorting_system'
[8.432s] INFO:colcon.colcon_core.shell:Skip shell extension 'powershell' for command environment: Not usable outside of PowerShell
[8.432s] DEBUG:colcon.colcon_core.shell:Skip shell extension 'dsv' for command environment
[12.919s] DEBUG:colcon.colcon_core.event_handler.log_command:Invoking command in '/home/ubuntu/ros_ws/src/optical_sorting_system': PYTHONPATH=/home/ubuntu/ros_ws/build/optical_sorting_system/prefix_override:/home/ubuntu/ros_ws/install/optical_sorting_system/lib/python3.10/site-packages:${PYTHONPATH} /usr/bin/python3 setup.py egg_info --egg-base ../../build/optical_sorting_system build --build-base /home/ubuntu/ros_ws/build/optical_sorting_system/build install --record /home/ubuntu/ros_ws/build/optical_sorting_system/install.log --single-version-externally-managed
[16.295s] DEBUG:colcon.colcon_core.event_handler.log_command:Invoked command in '/home/ubuntu/ros_ws/src/optical_sorting_system' returned '0': PYTHONPATH=/home/ubuntu/ros_ws/build/optical_sorting_system/prefix_override:/home/ubuntu/ros_ws/install/optical_sorting_system/lib/python3.10/site-packages:${PYTHONPATH} /usr/bin/python3 setup.py egg_info --egg-base ../../build/optical_sorting_system build --build-base /home/ubuntu/ros_ws/build/optical_sorting_system/build install --record /home/ubuntu/ros_ws/build/optical_sorting_system/install.log --single-version-externally-managed
[16.382s] Level 1:colcon.colcon_core.environment:checking '/home/ubuntu/ros_ws/install/optical_sorting_system' for CMake module files
[16.388s] Level 1:colcon.colcon_core.environment:checking '/home/ubuntu/ros_ws/install/optical_sorting_system' for CMake config files
[16.396s] Level 1:colcon.colcon_core.environment:checking '/home/ubuntu/ros_ws/install/optical_sorting_system/lib'
[16.398s] Level 1:colcon.colcon_core.environment:checking '/home/ubuntu/ros_ws/install/optical_sorting_system/bin'
[16.400s] Level 1:colcon.colcon_core.environment:checking '/home/ubuntu/ros_ws/install/optical_sorting_system/lib/pkgconfig/optical_sorting_system.pc'
[16.403s] Level 1:colcon.colcon_core.environment:checking '/home/ubuntu/ros_ws/install/optical_sorting_system/lib/python3.10/site-packages'
[16.404s] Level 1:colcon.colcon_core.shell:create_environment_hook('optical_sorting_system', 'pythonpath')
[16.418s] INFO:colcon.colcon_core.shell:Creating environment hook '/home/ubuntu/ros_ws/install/optical_sorting_system/share/optical_sorting_system/hook/pythonpath.ps1'
[16.422s] INFO:colcon.colcon_core.shell:Creating environment descriptor '/home/ubuntu/ros_ws/install/optical_sorting_system/share/optical_sorting_system/hook/pythonpath.dsv'
[16.426s] INFO:colcon.colcon_core.shell:Creating environment hook '/home/ubuntu/ros_ws/install/optical_sorting_system/share/optical_sorting_system/hook/pythonpath.sh'
[16.432s] Level 1:colcon.colcon_core.environment:checking '/home/ubuntu/ros_ws/install/optical_sorting_system/bin'
[16.433s] Level 1:colcon.colcon_core.environment:create_environment_scripts_only(optical_sorting_system)
[16.446s] INFO:colcon.colcon_core.shell:Creating package script '/home/ubuntu/ros_ws/install/optical_sorting_system/share/optical_sorting_system/package.ps1'
[16.457s] INFO:colcon.colcon_core.shell:Creating package descriptor '/home/ubuntu/ros_ws/install/optical_sorting_system/share/optical_sorting_system/package.dsv'
[16.466s] INFO:colcon.colcon_core.shell:Creating package script '/home/ubuntu/ros_ws/install/optical_sorting_system/share/optical_sorting_system/package.sh'
[16.476s] INFO:colcon.colcon_core.shell:Creating package script '/home/ubuntu/ros_ws/install/optical_sorting_system/share/optical_sorting_system/package.bash'
[16.487s] INFO:colcon.colcon_core.shell:Creating package script '/home/ubuntu/ros_ws/install/optical_sorting_system/share/optical_sorting_system/package.zsh'
[16.498s] Level 1:colcon.colcon_core.environment:create_file_with_runtime_dependencies(/home/ubuntu/ros_ws/install/optical_sorting_system/share/colcon-core/packages/optical_sorting_system)
[16.502s] DEBUG:colcon.colcon_parallel_executor.executor.parallel:closing loop
[16.505s] DEBUG:colcon.colcon_parallel_executor.executor.parallel:loop closed
[16.506s] DEBUG:colcon.colcon_parallel_executor.executor.parallel:run_until_complete finished with '0'
[16.507s] DEBUG:colcon.colcon_core.event_reactor:joining thread
[16.558s] INFO:colcon.colcon_core.plugin_system:Skipping extension 'colcon_notification.desktop_notification.notify_send': Could not find 'notify-send'
[16.559s] INFO:colcon.colcon_core.plugin_system:Skipping extension 'colcon_notification.desktop_notification.terminal_notifier': Not used on non-Darwin systems
[16.560s] INFO:colcon.colcon_core.plugin_system:Skipping extension 'colcon_notification.desktop_notification.win32': Not used on non-Windows systems
[16.561s] INFO:colcon.colcon_notification.desktop_notification:Sending desktop notification using 'notify2'
[16.602s] DEBUG:colcon.colcon_notification.desktop_notification.notify2:Failed to initialize notify2: org.freedesktop.DBus.Error.ServiceUnknown: The name org.freedesktop.Notifications was not provided by any .service files
[16.603s] DEBUG:colcon.colcon_core.event_reactor:joined thread
[16.620s] INFO:colcon.colcon_core.shell:Creating prefix script '/home/ubuntu/ros_ws/install/local_setup.ps1'
[16.629s] INFO:colcon.colcon_core.shell:Creating prefix util module '/home/ubuntu/ros_ws/install/_local_setup_util_ps1.py'
[16.642s] INFO:colcon.colcon_core.shell:Creating prefix chain script '/home/ubuntu/ros_ws/install/setup.ps1'
[16.655s] INFO:colcon.colcon_core.shell:Creating prefix script '/home/ubuntu/ros_ws/install/local_setup.sh'
[16.660s] INFO:colcon.colcon_core.shell:Creating prefix util module '/home/ubuntu/ros_ws/install/_local_setup_util_sh.py'
[16.666s] INFO:colcon.colcon_core.shell:Creating prefix chain script '/home/ubuntu/ros_ws/install/setup.sh'
[16.679s] INFO:colcon.colcon_core.shell:Creating prefix script '/home/ubuntu/ros_ws/install/local_setup.bash'
[16.685s] INFO:colcon.colcon_core.shell:Creating prefix chain script '/home/ubuntu/ros_ws/install/setup.bash'
[16.697s] INFO:colcon.colcon_core.shell:Creating prefix script '/home/ubuntu/ros_ws/install/local_setup.zsh'
[16.703s] INFO:colcon.colcon_core.shell:Creating prefix chain script '/home/ubuntu/ros_ws/install/setup.zsh'
