[4.270s] DEBUG:colcon:Command line arguments: ['/usr/bin/colcon', 'build']
[4.271s] DEBUG:colcon:Parsed command line arguments: Namespace(log_base=None, log_level=None, verb_name='build', build_base='build', install_base='install', merge_install=False, symlink_install=False, test_result_base=None, continue_on_error=False, executor='parallel', parallel_workers=4, event_handlers=None, ignore_user_meta=False, metas=['./colcon.meta'], base_paths=['.'], packages_ignore=None, packages_ignore_regex=None, paths=None, packages_up_to=None, packages_up_to_regex=None, packages_above=None, packages_above_and_dependencies=None, packages_above_depth=None, packages_select_by_dep=None, packages_skip_by_dep=None, packages_skip_up_to=None, packages_select_build_failed=False, packages_skip_build_finished=False, packages_select_test_failures=False, packages_skip_test_passed=False, packages_select=None, packages_skip=None, packages_select_regex=None, packages_skip_regex=None, packages_start=None, packages_end=None, allow_overriding=[], cmake_args=None, cmake_target=None, cmake_target_skip_unavailable=False, cmake_clean_cache=False, cmake_clean_first=False, cmake_force_configure=False, ament_cmake_args=None, catkin_cmake_args=None, catkin_skip_building_tests=False, verb_parser=<colcon_defaults.argument_parser.defaults.DefaultArgumentsDecorator object at 0xffffa0f6db10>, verb_extension=<colcon_core.verb.build.BuildVerb object at 0xffffa17ff580>, main=<bound method BuildVerb.main of <colcon_core.verb.build.BuildVerb object at 0xffffa17ff580>>)
[4.814s] Level 1:colcon.colcon_core.package_discovery:discover_packages(colcon_meta) check parameters
[4.815s] Level 1:colcon.colcon_core.package_discovery:discover_packages(recursive) check parameters
[4.816s] Level 1:colcon.colcon_core.package_discovery:discover_packages(ignore) check parameters
[4.816s] Level 1:colcon.colcon_core.package_discovery:discover_packages(path) check parameters
[4.816s] Level 1:colcon.colcon_core.package_discovery:discover_packages(colcon_meta) discover
[4.817s] Level 1:colcon.colcon_core.package_discovery:discover_packages(recursive) discover
[4.817s] INFO:colcon.colcon_core.package_discovery:Crawling recursively for packages in '/home/ubuntu/ros_ws'
[4.818s] Level 1:colcon.colcon_core.package_identification:_identify(.) by extensions ['ignore', 'ignore_ament_install']
[4.819s] Level 1:colcon.colcon_core.package_identification:_identify(.) by extension 'ignore'
[4.820s] Level 1:colcon.colcon_core.package_identification:_identify(.) by extension 'ignore_ament_install'
[4.821s] Level 1:colcon.colcon_core.package_identification:_identify(.) by extensions ['colcon_pkg']
[4.821s] Level 1:colcon.colcon_core.package_identification:_identify(.) by extension 'colcon_pkg'
[4.822s] Level 1:colcon.colcon_core.package_identification:_identify(.) by extensions ['colcon_meta']
[4.822s] Level 1:colcon.colcon_core.package_identification:_identify(.) by extension 'colcon_meta'
[4.822s] Level 1:colcon.colcon_core.package_identification:_identify(.) by extensions ['ros']
[4.823s] Level 1:colcon.colcon_core.package_identification:_identify(.) by extension 'ros'
[5.000s] Level 1:colcon.colcon_core.package_identification:_identify(.) by extensions ['cmake', 'python']
[5.000s] Level 1:colcon.colcon_core.package_identification:_identify(.) by extension 'cmake'
[5.001s] Level 1:colcon.colcon_core.package_identification:_identify(.) by extension 'python'
[5.001s] Level 1:colcon.colcon_core.package_identification:_identify(.) by extensions ['python_setup_py']
[5.001s] Level 1:colcon.colcon_core.package_identification:_identify(.) by extension 'python_setup_py'
[5.003s] Level 1:colcon.colcon_core.package_identification:_identify(build) by extensions ['ignore', 'ignore_ament_install']
[5.004s] Level 1:colcon.colcon_core.package_identification:_identify(build) by extension 'ignore'
[5.004s] Level 1:colcon.colcon_core.package_identification:_identify(build) ignored
[5.005s] Level 1:colcon.colcon_core.package_identification:_identify(externals) by extensions ['ignore', 'ignore_ament_install']
[5.006s] Level 1:colcon.colcon_core.package_identification:_identify(externals) by extension 'ignore'
[5.007s] Level 1:colcon.colcon_core.package_identification:_identify(externals) by extension 'ignore_ament_install'
[5.008s] Level 1:colcon.colcon_core.package_identification:_identify(externals) by extensions ['colcon_pkg']
[5.008s] Level 1:colcon.colcon_core.package_identification:_identify(externals) by extension 'colcon_pkg'
[5.008s] Level 1:colcon.colcon_core.package_identification:_identify(externals) by extensions ['colcon_meta']
[5.009s] Level 1:colcon.colcon_core.package_identification:_identify(externals) by extension 'colcon_meta'
[5.009s] Level 1:colcon.colcon_core.package_identification:_identify(externals) by extensions ['ros']
[5.010s] Level 1:colcon.colcon_core.package_identification:_identify(externals) by extension 'ros'
[5.010s] Level 1:colcon.colcon_core.package_identification:_identify(externals) by extensions ['cmake', 'python']
[5.011s] Level 1:colcon.colcon_core.package_identification:_identify(externals) by extension 'cmake'
[5.011s] Level 1:colcon.colcon_core.package_identification:_identify(externals) by extension 'python'
[5.012s] Level 1:colcon.colcon_core.package_identification:_identify(externals) by extensions ['python_setup_py']
[5.012s] Level 1:colcon.colcon_core.package_identification:_identify(externals) by extension 'python_setup_py'
[5.013s] Level 1:colcon.colcon_core.package_identification:_identify(install) by extensions ['ignore', 'ignore_ament_install']
[5.014s] Level 1:colcon.colcon_core.package_identification:_identify(install) by extension 'ignore'
[5.015s] Level 1:colcon.colcon_core.package_identification:_identify(install) ignored
[5.016s] Level 1:colcon.colcon_core.package_identification:_identify(log) by extensions ['ignore', 'ignore_ament_install']
[5.017s] Level 1:colcon.colcon_core.package_identification:_identify(log) by extension 'ignore'
[5.017s] Level 1:colcon.colcon_core.package_identification:_identify(log) ignored
[5.018s] Level 1:colcon.colcon_core.package_identification:_identify(src) by extensions ['ignore', 'ignore_ament_install']
[5.019s] Level 1:colcon.colcon_core.package_identification:_identify(src) by extension 'ignore'
[5.020s] Level 1:colcon.colcon_core.package_identification:_identify(src) by extension 'ignore_ament_install'
[5.020s] Level 1:colcon.colcon_core.package_identification:_identify(src) by extensions ['colcon_pkg']
[5.021s] Level 1:colcon.colcon_core.package_identification:_identify(src) by extension 'colcon_pkg'
[5.021s] Level 1:colcon.colcon_core.package_identification:_identify(src) by extensions ['colcon_meta']
[5.022s] Level 1:colcon.colcon_core.package_identification:_identify(src) by extension 'colcon_meta'
[5.022s] Level 1:colcon.colcon_core.package_identification:_identify(src) by extensions ['ros']
[5.022s] Level 1:colcon.colcon_core.package_identification:_identify(src) by extension 'ros'
[5.023s] Level 1:colcon.colcon_core.package_identification:_identify(src) by extensions ['cmake', 'python']
[5.024s] Level 1:colcon.colcon_core.package_identification:_identify(src) by extension 'cmake'
[5.024s] Level 1:colcon.colcon_core.package_identification:_identify(src) by extension 'python'
[5.025s] Level 1:colcon.colcon_core.package_identification:_identify(src) by extensions ['python_setup_py']
[5.025s] Level 1:colcon.colcon_core.package_identification:_identify(src) by extension 'python_setup_py'
[5.026s] Level 1:colcon.colcon_core.package_discovery:discover_packages(recursive) using defaults
[5.026s] Level 1:colcon.colcon_core.package_discovery:discover_packages(ignore) discover
[5.026s] Level 1:colcon.colcon_core.package_discovery:discover_packages(ignore) using defaults
[5.027s] Level 1:colcon.colcon_core.package_discovery:discover_packages(path) discover
[5.027s] Level 1:colcon.colcon_core.package_discovery:discover_packages(path) using defaults
[5.358s] Level 1:colcon.colcon_core.package_discovery:discover_packages(prefix_path) check parameters
[5.358s] Level 1:colcon.colcon_core.package_discovery:discover_packages(prefix_path) discover
[5.416s] DEBUG:colcon.colcon_installed_package_information.package_discovery:Found 270 installed packages in /opt/ros/humble
[5.441s] Level 1:colcon.colcon_core.package_discovery:discover_packages(prefix_path) using defaults
[6.144s] INFO:colcon.colcon_core.executor:Executing jobs using 'parallel' executor
[6.174s] DEBUG:colcon.colcon_parallel_executor.executor.parallel:run_until_complete
[6.176s] DEBUG:colcon.colcon_parallel_executor.executor.parallel:closing loop
[6.177s] DEBUG:colcon.colcon_parallel_executor.executor.parallel:loop closed
[6.178s] DEBUG:colcon.colcon_parallel_executor.executor.parallel:run_until_complete finished with '0'
[6.179s] DEBUG:colcon.colcon_core.event_reactor:joining thread
[6.260s] INFO:colcon.colcon_core.plugin_system:Skipping extension 'colcon_notification.desktop_notification.notify_send': Could not find 'notify-send'
[6.261s] INFO:colcon.colcon_core.plugin_system:Skipping extension 'colcon_notification.desktop_notification.terminal_notifier': Not used on non-Darwin systems
[6.262s] INFO:colcon.colcon_core.plugin_system:Skipping extension 'colcon_notification.desktop_notification.win32': Not used on non-Windows systems
[6.262s] INFO:colcon.colcon_notification.desktop_notification:Sending desktop notification using 'notify2'
[6.367s] DEBUG:colcon.colcon_notification.desktop_notification.notify2:Failed to initialize notify2: org.freedesktop.DBus.Error.ServiceUnknown: The name org.freedesktop.Notifications was not provided by any .service files
[6.368s] DEBUG:colcon.colcon_core.event_reactor:joined thread
[6.445s] INFO:colcon.colcon_core.plugin_system:Skipping extension 'colcon_core.shell.bat': Not used on non-Windows systems
[6.448s] INFO:colcon.colcon_core.shell:Creating prefix script '/home/ubuntu/ros_ws/install/local_setup.ps1'
[6.460s] INFO:colcon.colcon_core.shell:Creating prefix util module '/home/ubuntu/ros_ws/install/_local_setup_util_ps1.py'
[6.477s] INFO:colcon.colcon_core.shell:Creating prefix chain script '/home/ubuntu/ros_ws/install/setup.ps1'
[6.492s] INFO:colcon.colcon_core.shell:Creating prefix script '/home/ubuntu/ros_ws/install/local_setup.sh'
[6.500s] INFO:colcon.colcon_core.shell:Creating prefix util module '/home/ubuntu/ros_ws/install/_local_setup_util_sh.py'
[6.505s] INFO:colcon.colcon_core.shell:Creating prefix chain script '/home/ubuntu/ros_ws/install/setup.sh'
[6.520s] INFO:colcon.colcon_core.shell:Creating prefix script '/home/ubuntu/ros_ws/install/local_setup.bash'
[6.529s] INFO:colcon.colcon_core.shell:Creating prefix chain script '/home/ubuntu/ros_ws/install/setup.bash'
[6.544s] INFO:colcon.colcon_core.shell:Creating prefix script '/home/ubuntu/ros_ws/install/local_setup.zsh'
[6.555s] INFO:colcon.colcon_core.shell:Creating prefix chain script '/home/ubuntu/ros_ws/install/setup.zsh'
