[0.315s] DEBUG:colcon:Command line arguments: ['/usr/bin/colcon', 'list', '-p', '--base-paths', '/home/tj/Programming/ROS2/OSS']
[0.315s] DEBUG:colcon:Parsed command line arguments: Namespace(log_base=None, log_level=None, verb_name='list', build_base='build', ignore_user_meta=False, metas=['./colcon.meta'], base_paths=['/home/tj/Programming/ROS2/OSS'], packages_ignore=None, packages_ignore_regex=None, paths=None, packages_up_to=None, packages_up_to_regex=None, packages_above=None, packages_above_and_dependencies=None, packages_above_depth=None, packages_select_by_dep=None, packages_skip_by_dep=None, packages_skip_up_to=None, packages_select_build_failed=False, packages_skip_build_finished=False, packages_select_test_failures=False, packages_skip_test_passed=False, packages_select=None, packages_skip=None, packages_select_regex=None, packages_skip_regex=None, packages_start=None, packages_end=None, allow_overriding=[], topological_order=False, names_only=False, paths_only=True, topological_graph=False, topological_graph_dot=False, topological_graph_density=False, topological_graph_legend=False, topological_graph_dot_cluster=False, topological_graph_dot_include_skipped=False, verb_parser=<colcon_defaults.argument_parser.defaults.DefaultArgumentsDecorator object at 0x7f7c997a7910>, verb_extension=<colcon_package_information.verb.list.ListVerb object at 0x7f7c9974d9f0>, main=<bound method ListVerb.main of <colcon_package_information.verb.list.ListVerb object at 0x7f7c9974d9f0>>)
[0.349s] Level 1:colcon.colcon_core.package_discovery:discover_packages(colcon_meta) check parameters
[0.350s] Level 1:colcon.colcon_core.package_discovery:discover_packages(recursive) check parameters
[0.350s] Level 1:colcon.colcon_core.package_discovery:discover_packages(ignore) check parameters
[0.350s] Level 1:colcon.colcon_core.package_discovery:discover_packages(path) check parameters
[0.350s] Level 1:colcon.colcon_core.package_discovery:discover_packages(recursive) discover
[0.350s] INFO:colcon.colcon_core.package_discovery:Crawling recursively for packages in '/home/tj/Programming/ROS2/OSS'
[0.350s] Level 1:colcon.colcon_core.package_identification:_identify(/home/tj/Programming/ROS2/OSS) by extensions ['ignore', 'ignore_ament_install']
[0.350s] Level 1:colcon.colcon_core.package_identification:_identify(/home/tj/Programming/ROS2/OSS) by extension 'ignore'
[0.350s] Level 1:colcon.colcon_core.package_identification:_identify(/home/tj/Programming/ROS2/OSS) by extension 'ignore_ament_install'
[0.350s] Level 1:colcon.colcon_core.package_identification:_identify(/home/tj/Programming/ROS2/OSS) by extensions ['colcon_pkg']
[0.350s] Level 1:colcon.colcon_core.package_identification:_identify(/home/tj/Programming/ROS2/OSS) by extension 'colcon_pkg'
[0.350s] Level 1:colcon.colcon_core.package_identification:_identify(/home/tj/Programming/ROS2/OSS) by extensions ['colcon_meta']
[0.351s] Level 1:colcon.colcon_core.package_identification:_identify(/home/tj/Programming/ROS2/OSS) by extension 'colcon_meta'
[0.351s] Level 1:colcon.colcon_core.package_identification:_identify(/home/tj/Programming/ROS2/OSS) by extensions ['ros']
[0.351s] Level 1:colcon.colcon_core.package_identification:_identify(/home/tj/Programming/ROS2/OSS) by extension 'ros'
[0.376s] Level 1:colcon.colcon_core.package_identification:_identify(/home/tj/Programming/ROS2/OSS) by extensions ['cmake', 'python']
[0.376s] Level 1:colcon.colcon_core.package_identification:_identify(/home/tj/Programming/ROS2/OSS) by extension 'cmake'
[0.376s] Level 1:colcon.colcon_core.package_identification:_identify(/home/tj/Programming/ROS2/OSS) by extension 'python'
[0.376s] Level 1:colcon.colcon_core.package_identification:_identify(/home/tj/Programming/ROS2/OSS) by extensions ['python_setup_py']
[0.376s] Level 1:colcon.colcon_core.package_identification:_identify(/home/tj/Programming/ROS2/OSS) by extension 'python_setup_py'
[0.377s] Level 1:colcon.colcon_core.package_identification:_identify(/home/tj/Programming/ROS2/OSS/build) by extensions ['ignore', 'ignore_ament_install']
[0.377s] Level 1:colcon.colcon_core.package_identification:_identify(/home/tj/Programming/ROS2/OSS/build) by extension 'ignore'
[0.377s] Level 1:colcon.colcon_core.package_identification:_identify(/home/tj/Programming/ROS2/OSS/build) ignored
[0.377s] Level 1:colcon.colcon_core.package_identification:_identify(/home/tj/Programming/ROS2/OSS/install) by extensions ['ignore', 'ignore_ament_install']
[0.377s] Level 1:colcon.colcon_core.package_identification:_identify(/home/tj/Programming/ROS2/OSS/install) by extension 'ignore'
[0.377s] Level 1:colcon.colcon_core.package_identification:_identify(/home/tj/Programming/ROS2/OSS/install) ignored
[0.377s] Level 1:colcon.colcon_core.package_identification:_identify(/home/tj/Programming/ROS2/OSS/log) by extensions ['ignore', 'ignore_ament_install']
[0.377s] Level 1:colcon.colcon_core.package_identification:_identify(/home/tj/Programming/ROS2/OSS/log) by extension 'ignore'
[0.377s] Level 1:colcon.colcon_core.package_identification:_identify(/home/tj/Programming/ROS2/OSS/log) ignored
[0.377s] Level 1:colcon.colcon_core.package_identification:_identify(/home/tj/Programming/ROS2/OSS/oss_ws) by extensions ['ignore', 'ignore_ament_install']
[0.378s] Level 1:colcon.colcon_core.package_identification:_identify(/home/tj/Programming/ROS2/OSS/oss_ws) by extension 'ignore'
[0.378s] Level 1:colcon.colcon_core.package_identification:_identify(/home/tj/Programming/ROS2/OSS/oss_ws) by extension 'ignore_ament_install'
[0.378s] Level 1:colcon.colcon_core.package_identification:_identify(/home/tj/Programming/ROS2/OSS/oss_ws) by extensions ['colcon_pkg']
[0.378s] Level 1:colcon.colcon_core.package_identification:_identify(/home/tj/Programming/ROS2/OSS/oss_ws) by extension 'colcon_pkg'
[0.378s] Level 1:colcon.colcon_core.package_identification:_identify(/home/tj/Programming/ROS2/OSS/oss_ws) by extensions ['colcon_meta']
[0.378s] Level 1:colcon.colcon_core.package_identification:_identify(/home/tj/Programming/ROS2/OSS/oss_ws) by extension 'colcon_meta'
[0.378s] Level 1:colcon.colcon_core.package_identification:_identify(/home/tj/Programming/ROS2/OSS/oss_ws) by extensions ['ros']
[0.378s] Level 1:colcon.colcon_core.package_identification:_identify(/home/tj/Programming/ROS2/OSS/oss_ws) by extension 'ros'
[0.378s] Level 1:colcon.colcon_core.package_identification:_identify(/home/tj/Programming/ROS2/OSS/oss_ws) by extensions ['cmake', 'python']
[0.378s] Level 1:colcon.colcon_core.package_identification:_identify(/home/tj/Programming/ROS2/OSS/oss_ws) by extension 'cmake'
[0.378s] Level 1:colcon.colcon_core.package_identification:_identify(/home/tj/Programming/ROS2/OSS/oss_ws) by extension 'python'
[0.378s] Level 1:colcon.colcon_core.package_identification:_identify(/home/tj/Programming/ROS2/OSS/oss_ws) by extensions ['python_setup_py']
[0.378s] Level 1:colcon.colcon_core.package_identification:_identify(/home/tj/Programming/ROS2/OSS/oss_ws) by extension 'python_setup_py'
[0.378s] Level 1:colcon.colcon_core.package_identification:_identify(/home/tj/Programming/ROS2/OSS/oss_ws/build) by extensions ['ignore', 'ignore_ament_install']
[0.378s] Level 1:colcon.colcon_core.package_identification:_identify(/home/tj/Programming/ROS2/OSS/oss_ws/build) by extension 'ignore'
[0.378s] Level 1:colcon.colcon_core.package_identification:_identify(/home/tj/Programming/ROS2/OSS/oss_ws/build) ignored
[0.379s] Level 1:colcon.colcon_core.package_identification:_identify(/home/tj/Programming/ROS2/OSS/oss_ws/computer_vision) by extensions ['ignore', 'ignore_ament_install']
[0.379s] Level 1:colcon.colcon_core.package_identification:_identify(/home/tj/Programming/ROS2/OSS/oss_ws/computer_vision) by extension 'ignore'
[0.379s] Level 1:colcon.colcon_core.package_identification:_identify(/home/tj/Programming/ROS2/OSS/oss_ws/computer_vision) by extension 'ignore_ament_install'
[0.379s] Level 1:colcon.colcon_core.package_identification:_identify(/home/tj/Programming/ROS2/OSS/oss_ws/computer_vision) by extensions ['colcon_pkg']
[0.379s] Level 1:colcon.colcon_core.package_identification:_identify(/home/tj/Programming/ROS2/OSS/oss_ws/computer_vision) by extension 'colcon_pkg'
[0.379s] Level 1:colcon.colcon_core.package_identification:_identify(/home/tj/Programming/ROS2/OSS/oss_ws/computer_vision) by extensions ['colcon_meta']
[0.379s] Level 1:colcon.colcon_core.package_identification:_identify(/home/tj/Programming/ROS2/OSS/oss_ws/computer_vision) by extension 'colcon_meta'
[0.379s] Level 1:colcon.colcon_core.package_identification:_identify(/home/tj/Programming/ROS2/OSS/oss_ws/computer_vision) by extensions ['ros']
[0.379s] Level 1:colcon.colcon_core.package_identification:_identify(/home/tj/Programming/ROS2/OSS/oss_ws/computer_vision) by extension 'ros'
[0.379s] Level 1:colcon.colcon_core.package_identification:_identify(/home/tj/Programming/ROS2/OSS/oss_ws/computer_vision) by extensions ['cmake', 'python']
[0.379s] Level 1:colcon.colcon_core.package_identification:_identify(/home/tj/Programming/ROS2/OSS/oss_ws/computer_vision) by extension 'cmake'
[0.379s] Level 1:colcon.colcon_core.package_identification:_identify(/home/tj/Programming/ROS2/OSS/oss_ws/computer_vision) by extension 'python'
[0.379s] Level 1:colcon.colcon_core.package_identification:_identify(/home/tj/Programming/ROS2/OSS/oss_ws/computer_vision) by extensions ['python_setup_py']
[0.379s] Level 1:colcon.colcon_core.package_identification:_identify(/home/tj/Programming/ROS2/OSS/oss_ws/computer_vision) by extension 'python_setup_py'
[0.379s] Level 1:colcon.colcon_core.package_identification:_identify(/home/tj/Programming/ROS2/OSS/oss_ws/computer_vision/weights) by extensions ['ignore', 'ignore_ament_install']
[0.379s] Level 1:colcon.colcon_core.package_identification:_identify(/home/tj/Programming/ROS2/OSS/oss_ws/computer_vision/weights) by extension 'ignore'
[0.379s] Level 1:colcon.colcon_core.package_identification:_identify(/home/tj/Programming/ROS2/OSS/oss_ws/computer_vision/weights) by extension 'ignore_ament_install'
[0.379s] Level 1:colcon.colcon_core.package_identification:_identify(/home/tj/Programming/ROS2/OSS/oss_ws/computer_vision/weights) by extensions ['colcon_pkg']
[0.379s] Level 1:colcon.colcon_core.package_identification:_identify(/home/tj/Programming/ROS2/OSS/oss_ws/computer_vision/weights) by extension 'colcon_pkg'
[0.379s] Level 1:colcon.colcon_core.package_identification:_identify(/home/tj/Programming/ROS2/OSS/oss_ws/computer_vision/weights) by extensions ['colcon_meta']
[0.379s] Level 1:colcon.colcon_core.package_identification:_identify(/home/tj/Programming/ROS2/OSS/oss_ws/computer_vision/weights) by extension 'colcon_meta'
[0.380s] Level 1:colcon.colcon_core.package_identification:_identify(/home/tj/Programming/ROS2/OSS/oss_ws/computer_vision/weights) by extensions ['ros']
[0.380s] Level 1:colcon.colcon_core.package_identification:_identify(/home/tj/Programming/ROS2/OSS/oss_ws/computer_vision/weights) by extension 'ros'
[0.380s] Level 1:colcon.colcon_core.package_identification:_identify(/home/tj/Programming/ROS2/OSS/oss_ws/computer_vision/weights) by extensions ['cmake', 'python']
[0.380s] Level 1:colcon.colcon_core.package_identification:_identify(/home/tj/Programming/ROS2/OSS/oss_ws/computer_vision/weights) by extension 'cmake'
[0.380s] Level 1:colcon.colcon_core.package_identification:_identify(/home/tj/Programming/ROS2/OSS/oss_ws/computer_vision/weights) by extension 'python'
[0.380s] Level 1:colcon.colcon_core.package_identification:_identify(/home/tj/Programming/ROS2/OSS/oss_ws/computer_vision/weights) by extensions ['python_setup_py']
[0.380s] Level 1:colcon.colcon_core.package_identification:_identify(/home/tj/Programming/ROS2/OSS/oss_ws/computer_vision/weights) by extension 'python_setup_py'
[0.380s] Level 1:colcon.colcon_core.package_identification:_identify(/home/tj/Programming/ROS2/OSS/oss_ws/install) by extensions ['ignore', 'ignore_ament_install']
[0.380s] Level 1:colcon.colcon_core.package_identification:_identify(/home/tj/Programming/ROS2/OSS/oss_ws/install) by extension 'ignore'
[0.380s] Level 1:colcon.colcon_core.package_identification:_identify(/home/tj/Programming/ROS2/OSS/oss_ws/install) ignored
[0.380s] Level 1:colcon.colcon_core.package_identification:_identify(/home/tj/Programming/ROS2/OSS/oss_ws/log) by extensions ['ignore', 'ignore_ament_install']
[0.380s] Level 1:colcon.colcon_core.package_identification:_identify(/home/tj/Programming/ROS2/OSS/oss_ws/log) by extension 'ignore'
[0.380s] Level 1:colcon.colcon_core.package_identification:_identify(/home/tj/Programming/ROS2/OSS/oss_ws/log) ignored
[0.380s] Level 1:colcon.colcon_core.package_identification:_identify(/home/tj/Programming/ROS2/OSS/oss_ws/oss_ws) by extensions ['ignore', 'ignore_ament_install']
[0.380s] Level 1:colcon.colcon_core.package_identification:_identify(/home/tj/Programming/ROS2/OSS/oss_ws/oss_ws) by extension 'ignore'
[0.381s] Level 1:colcon.colcon_core.package_identification:_identify(/home/tj/Programming/ROS2/OSS/oss_ws/oss_ws) by extension 'ignore_ament_install'
[0.381s] Level 1:colcon.colcon_core.package_identification:_identify(/home/tj/Programming/ROS2/OSS/oss_ws/oss_ws) by extensions ['colcon_pkg']
[0.381s] Level 1:colcon.colcon_core.package_identification:_identify(/home/tj/Programming/ROS2/OSS/oss_ws/oss_ws) by extension 'colcon_pkg'
[0.381s] Level 1:colcon.colcon_core.package_identification:_identify(/home/tj/Programming/ROS2/OSS/oss_ws/oss_ws) by extensions ['colcon_meta']
[0.381s] Level 1:colcon.colcon_core.package_identification:_identify(/home/tj/Programming/ROS2/OSS/oss_ws/oss_ws) by extension 'colcon_meta'
[0.381s] Level 1:colcon.colcon_core.package_identification:_identify(/home/tj/Programming/ROS2/OSS/oss_ws/oss_ws) by extensions ['ros']
[0.381s] Level 1:colcon.colcon_core.package_identification:_identify(/home/tj/Programming/ROS2/OSS/oss_ws/oss_ws) by extension 'ros'
[0.381s] Level 1:colcon.colcon_core.package_identification:_identify(/home/tj/Programming/ROS2/OSS/oss_ws/oss_ws) by extensions ['cmake', 'python']
[0.381s] Level 1:colcon.colcon_core.package_identification:_identify(/home/tj/Programming/ROS2/OSS/oss_ws/oss_ws) by extension 'cmake'
[0.381s] Level 1:colcon.colcon_core.package_identification:_identify(/home/tj/Programming/ROS2/OSS/oss_ws/oss_ws) by extension 'python'
[0.381s] Level 1:colcon.colcon_core.package_identification:_identify(/home/tj/Programming/ROS2/OSS/oss_ws/oss_ws) by extensions ['python_setup_py']
[0.381s] Level 1:colcon.colcon_core.package_identification:_identify(/home/tj/Programming/ROS2/OSS/oss_ws/oss_ws) by extension 'python_setup_py'
[0.381s] Level 1:colcon.colcon_core.package_identification:_identify(/home/tj/Programming/ROS2/OSS/oss_ws/oss_ws/src) by extensions ['ignore', 'ignore_ament_install']
[0.381s] Level 1:colcon.colcon_core.package_identification:_identify(/home/tj/Programming/ROS2/OSS/oss_ws/oss_ws/src) by extension 'ignore'
[0.381s] Level 1:colcon.colcon_core.package_identification:_identify(/home/tj/Programming/ROS2/OSS/oss_ws/oss_ws/src) by extension 'ignore_ament_install'
[0.381s] Level 1:colcon.colcon_core.package_identification:_identify(/home/tj/Programming/ROS2/OSS/oss_ws/oss_ws/src) by extensions ['colcon_pkg']
[0.381s] Level 1:colcon.colcon_core.package_identification:_identify(/home/tj/Programming/ROS2/OSS/oss_ws/oss_ws/src) by extension 'colcon_pkg'
[0.381s] Level 1:colcon.colcon_core.package_identification:_identify(/home/tj/Programming/ROS2/OSS/oss_ws/oss_ws/src) by extensions ['colcon_meta']
[0.381s] Level 1:colcon.colcon_core.package_identification:_identify(/home/tj/Programming/ROS2/OSS/oss_ws/oss_ws/src) by extension 'colcon_meta'
[0.381s] Level 1:colcon.colcon_core.package_identification:_identify(/home/tj/Programming/ROS2/OSS/oss_ws/oss_ws/src) by extensions ['ros']
[0.381s] Level 1:colcon.colcon_core.package_identification:_identify(/home/tj/Programming/ROS2/OSS/oss_ws/oss_ws/src) by extension 'ros'
[0.381s] Level 1:colcon.colcon_core.package_identification:_identify(/home/tj/Programming/ROS2/OSS/oss_ws/oss_ws/src) by extensions ['cmake', 'python']
[0.381s] Level 1:colcon.colcon_core.package_identification:_identify(/home/tj/Programming/ROS2/OSS/oss_ws/oss_ws/src) by extension 'cmake'
[0.382s] Level 1:colcon.colcon_core.package_identification:_identify(/home/tj/Programming/ROS2/OSS/oss_ws/oss_ws/src) by extension 'python'
[0.382s] Level 1:colcon.colcon_core.package_identification:_identify(/home/tj/Programming/ROS2/OSS/oss_ws/oss_ws/src) by extensions ['python_setup_py']
[0.382s] Level 1:colcon.colcon_core.package_identification:_identify(/home/tj/Programming/ROS2/OSS/oss_ws/oss_ws/src) by extension 'python_setup_py'
[0.382s] Level 1:colcon.colcon_core.package_identification:_identify(/home/tj/Programming/ROS2/OSS/oss_ws/oss_ws/src/optical_sorting_system) by extensions ['ignore', 'ignore_ament_install']
[0.382s] Level 1:colcon.colcon_core.package_identification:_identify(/home/tj/Programming/ROS2/OSS/oss_ws/oss_ws/src/optical_sorting_system) by extension 'ignore'
[0.382s] Level 1:colcon.colcon_core.package_identification:_identify(/home/tj/Programming/ROS2/OSS/oss_ws/oss_ws/src/optical_sorting_system) by extension 'ignore_ament_install'
[0.382s] Level 1:colcon.colcon_core.package_identification:_identify(/home/tj/Programming/ROS2/OSS/oss_ws/oss_ws/src/optical_sorting_system) by extensions ['colcon_pkg']
[0.382s] Level 1:colcon.colcon_core.package_identification:_identify(/home/tj/Programming/ROS2/OSS/oss_ws/oss_ws/src/optical_sorting_system) by extension 'colcon_pkg'
[0.382s] Level 1:colcon.colcon_core.package_identification:_identify(/home/tj/Programming/ROS2/OSS/oss_ws/oss_ws/src/optical_sorting_system) by extensions ['colcon_meta']
[0.382s] Level 1:colcon.colcon_core.package_identification:_identify(/home/tj/Programming/ROS2/OSS/oss_ws/oss_ws/src/optical_sorting_system) by extension 'colcon_meta'
[0.382s] Level 1:colcon.colcon_core.package_identification:_identify(/home/tj/Programming/ROS2/OSS/oss_ws/oss_ws/src/optical_sorting_system) by extensions ['ros']
[0.382s] Level 1:colcon.colcon_core.package_identification:_identify(/home/tj/Programming/ROS2/OSS/oss_ws/oss_ws/src/optical_sorting_system) by extension 'ros'
[0.382s] Level 1:colcon.colcon_core.package_identification:_identify(/home/tj/Programming/ROS2/OSS/oss_ws/oss_ws/src/optical_sorting_system) by extensions ['cmake', 'python']
[0.382s] Level 1:colcon.colcon_core.package_identification:_identify(/home/tj/Programming/ROS2/OSS/oss_ws/oss_ws/src/optical_sorting_system) by extension 'cmake'
[0.382s] Level 1:colcon.colcon_core.package_identification:_identify(/home/tj/Programming/ROS2/OSS/oss_ws/oss_ws/src/optical_sorting_system) by extension 'python'
[0.382s] Level 1:colcon.colcon_core.package_identification:_identify(/home/tj/Programming/ROS2/OSS/oss_ws/oss_ws/src/optical_sorting_system) by extensions ['python_setup_py']
[0.382s] Level 1:colcon.colcon_core.package_identification:_identify(/home/tj/Programming/ROS2/OSS/oss_ws/oss_ws/src/optical_sorting_system) by extension 'python_setup_py'
[0.382s] Level 1:colcon.colcon_core.package_identification:_identify(/home/tj/Programming/ROS2/OSS/oss_ws/oss_ws/src/optical_sorting_system/optical_sorting_system) by extensions ['ignore', 'ignore_ament_install']
[0.382s] Level 1:colcon.colcon_core.package_identification:_identify(/home/tj/Programming/ROS2/OSS/oss_ws/oss_ws/src/optical_sorting_system/optical_sorting_system) by extension 'ignore'
[0.382s] Level 1:colcon.colcon_core.package_identification:_identify(/home/tj/Programming/ROS2/OSS/oss_ws/oss_ws/src/optical_sorting_system/optical_sorting_system) by extension 'ignore_ament_install'
[0.383s] Level 1:colcon.colcon_core.package_identification:_identify(/home/tj/Programming/ROS2/OSS/oss_ws/oss_ws/src/optical_sorting_system/optical_sorting_system) by extensions ['colcon_pkg']
[0.383s] Level 1:colcon.colcon_core.package_identification:_identify(/home/tj/Programming/ROS2/OSS/oss_ws/oss_ws/src/optical_sorting_system/optical_sorting_system) by extension 'colcon_pkg'
[0.383s] Level 1:colcon.colcon_core.package_identification:_identify(/home/tj/Programming/ROS2/OSS/oss_ws/oss_ws/src/optical_sorting_system/optical_sorting_system) by extensions ['colcon_meta']
[0.383s] Level 1:colcon.colcon_core.package_identification:_identify(/home/tj/Programming/ROS2/OSS/oss_ws/oss_ws/src/optical_sorting_system/optical_sorting_system) by extension 'colcon_meta'
[0.383s] Level 1:colcon.colcon_core.package_identification:_identify(/home/tj/Programming/ROS2/OSS/oss_ws/oss_ws/src/optical_sorting_system/optical_sorting_system) by extensions ['ros']
[0.383s] Level 1:colcon.colcon_core.package_identification:_identify(/home/tj/Programming/ROS2/OSS/oss_ws/oss_ws/src/optical_sorting_system/optical_sorting_system) by extension 'ros'
[0.383s] Level 1:colcon.colcon_core.package_identification:_identify(/home/tj/Programming/ROS2/OSS/oss_ws/oss_ws/src/optical_sorting_system/optical_sorting_system) by extensions ['cmake', 'python']
[0.383s] Level 1:colcon.colcon_core.package_identification:_identify(/home/tj/Programming/ROS2/OSS/oss_ws/oss_ws/src/optical_sorting_system/optical_sorting_system) by extension 'cmake'
[0.383s] Level 1:colcon.colcon_core.package_identification:_identify(/home/tj/Programming/ROS2/OSS/oss_ws/oss_ws/src/optical_sorting_system/optical_sorting_system) by extension 'python'
[0.383s] Level 1:colcon.colcon_core.package_identification:_identify(/home/tj/Programming/ROS2/OSS/oss_ws/oss_ws/src/optical_sorting_system/optical_sorting_system) by extensions ['python_setup_py']
[0.383s] Level 1:colcon.colcon_core.package_identification:_identify(/home/tj/Programming/ROS2/OSS/oss_ws/oss_ws/src/optical_sorting_system/optical_sorting_system) by extension 'python_setup_py'
[0.383s] Level 1:colcon.colcon_core.package_identification:_identify(/home/tj/Programming/ROS2/OSS/oss_ws/oss_ws/src/optical_sorting_system/optical_sorting_system/pc) by extensions ['ignore', 'ignore_ament_install']
[0.383s] Level 1:colcon.colcon_core.package_identification:_identify(/home/tj/Programming/ROS2/OSS/oss_ws/oss_ws/src/optical_sorting_system/optical_sorting_system/pc) by extension 'ignore'
[0.383s] Level 1:colcon.colcon_core.package_identification:_identify(/home/tj/Programming/ROS2/OSS/oss_ws/oss_ws/src/optical_sorting_system/optical_sorting_system/pc) by extension 'ignore_ament_install'
[0.383s] Level 1:colcon.colcon_core.package_identification:_identify(/home/tj/Programming/ROS2/OSS/oss_ws/oss_ws/src/optical_sorting_system/optical_sorting_system/pc) by extensions ['colcon_pkg']
[0.383s] Level 1:colcon.colcon_core.package_identification:_identify(/home/tj/Programming/ROS2/OSS/oss_ws/oss_ws/src/optical_sorting_system/optical_sorting_system/pc) by extension 'colcon_pkg'
[0.383s] Level 1:colcon.colcon_core.package_identification:_identify(/home/tj/Programming/ROS2/OSS/oss_ws/oss_ws/src/optical_sorting_system/optical_sorting_system/pc) by extensions ['colcon_meta']
[0.383s] Level 1:colcon.colcon_core.package_identification:_identify(/home/tj/Programming/ROS2/OSS/oss_ws/oss_ws/src/optical_sorting_system/optical_sorting_system/pc) by extension 'colcon_meta'
[0.383s] Level 1:colcon.colcon_core.package_identification:_identify(/home/tj/Programming/ROS2/OSS/oss_ws/oss_ws/src/optical_sorting_system/optical_sorting_system/pc) by extensions ['ros']
[0.383s] Level 1:colcon.colcon_core.package_identification:_identify(/home/tj/Programming/ROS2/OSS/oss_ws/oss_ws/src/optical_sorting_system/optical_sorting_system/pc) by extension 'ros'
[0.384s] Level 1:colcon.colcon_core.package_identification:_identify(/home/tj/Programming/ROS2/OSS/oss_ws/oss_ws/src/optical_sorting_system/optical_sorting_system/pc) by extensions ['cmake', 'python']
[0.384s] Level 1:colcon.colcon_core.package_identification:_identify(/home/tj/Programming/ROS2/OSS/oss_ws/oss_ws/src/optical_sorting_system/optical_sorting_system/pc) by extension 'cmake'
[0.384s] Level 1:colcon.colcon_core.package_identification:_identify(/home/tj/Programming/ROS2/OSS/oss_ws/oss_ws/src/optical_sorting_system/optical_sorting_system/pc) by extension 'python'
[0.384s] Level 1:colcon.colcon_core.package_identification:_identify(/home/tj/Programming/ROS2/OSS/oss_ws/oss_ws/src/optical_sorting_system/optical_sorting_system/pc) by extensions ['python_setup_py']
[0.384s] Level 1:colcon.colcon_core.package_identification:_identify(/home/tj/Programming/ROS2/OSS/oss_ws/oss_ws/src/optical_sorting_system/optical_sorting_system/pc) by extension 'python_setup_py'
[0.384s] Level 1:colcon.colcon_core.package_identification:_identify(/home/tj/Programming/ROS2/OSS/oss_ws/oss_ws/src/optical_sorting_system/optical_sorting_system/pc/computer_vision) by extensions ['ignore', 'ignore_ament_install']
[0.384s] Level 1:colcon.colcon_core.package_identification:_identify(/home/tj/Programming/ROS2/OSS/oss_ws/oss_ws/src/optical_sorting_system/optical_sorting_system/pc/computer_vision) by extension 'ignore'
[0.384s] Level 1:colcon.colcon_core.package_identification:_identify(/home/tj/Programming/ROS2/OSS/oss_ws/oss_ws/src/optical_sorting_system/optical_sorting_system/pc/computer_vision) by extension 'ignore_ament_install'
[0.384s] Level 1:colcon.colcon_core.package_identification:_identify(/home/tj/Programming/ROS2/OSS/oss_ws/oss_ws/src/optical_sorting_system/optical_sorting_system/pc/computer_vision) by extensions ['colcon_pkg']
[0.384s] Level 1:colcon.colcon_core.package_identification:_identify(/home/tj/Programming/ROS2/OSS/oss_ws/oss_ws/src/optical_sorting_system/optical_sorting_system/pc/computer_vision) by extension 'colcon_pkg'
[0.384s] Level 1:colcon.colcon_core.package_identification:_identify(/home/tj/Programming/ROS2/OSS/oss_ws/oss_ws/src/optical_sorting_system/optical_sorting_system/pc/computer_vision) by extensions ['colcon_meta']
[0.384s] Level 1:colcon.colcon_core.package_identification:_identify(/home/tj/Programming/ROS2/OSS/oss_ws/oss_ws/src/optical_sorting_system/optical_sorting_system/pc/computer_vision) by extension 'colcon_meta'
[0.384s] Level 1:colcon.colcon_core.package_identification:_identify(/home/tj/Programming/ROS2/OSS/oss_ws/oss_ws/src/optical_sorting_system/optical_sorting_system/pc/computer_vision) by extensions ['ros']
[0.384s] Level 1:colcon.colcon_core.package_identification:_identify(/home/tj/Programming/ROS2/OSS/oss_ws/oss_ws/src/optical_sorting_system/optical_sorting_system/pc/computer_vision) by extension 'ros'
[0.384s] Level 1:colcon.colcon_core.package_identification:_identify(/home/tj/Programming/ROS2/OSS/oss_ws/oss_ws/src/optical_sorting_system/optical_sorting_system/pc/computer_vision) by extensions ['cmake', 'python']
[0.384s] Level 1:colcon.colcon_core.package_identification:_identify(/home/tj/Programming/ROS2/OSS/oss_ws/oss_ws/src/optical_sorting_system/optical_sorting_system/pc/computer_vision) by extension 'cmake'
[0.384s] Level 1:colcon.colcon_core.package_identification:_identify(/home/tj/Programming/ROS2/OSS/oss_ws/oss_ws/src/optical_sorting_system/optical_sorting_system/pc/computer_vision) by extension 'python'
[0.384s] Level 1:colcon.colcon_core.package_identification:_identify(/home/tj/Programming/ROS2/OSS/oss_ws/oss_ws/src/optical_sorting_system/optical_sorting_system/pc/computer_vision) by extensions ['python_setup_py']
[0.385s] Level 1:colcon.colcon_core.package_identification:_identify(/home/tj/Programming/ROS2/OSS/oss_ws/oss_ws/src/optical_sorting_system/optical_sorting_system/pc/computer_vision) by extension 'python_setup_py'
[0.385s] Level 1:colcon.colcon_core.package_identification:_identify(/home/tj/Programming/ROS2/OSS/oss_ws/oss_ws/src/optical_sorting_system/optical_sorting_system/pc/computer_vision/weights) by extensions ['ignore', 'ignore_ament_install']
[0.385s] Level 1:colcon.colcon_core.package_identification:_identify(/home/tj/Programming/ROS2/OSS/oss_ws/oss_ws/src/optical_sorting_system/optical_sorting_system/pc/computer_vision/weights) by extension 'ignore'
[0.385s] Level 1:colcon.colcon_core.package_identification:_identify(/home/tj/Programming/ROS2/OSS/oss_ws/oss_ws/src/optical_sorting_system/optical_sorting_system/pc/computer_vision/weights) by extension 'ignore_ament_install'
[0.385s] Level 1:colcon.colcon_core.package_identification:_identify(/home/tj/Programming/ROS2/OSS/oss_ws/oss_ws/src/optical_sorting_system/optical_sorting_system/pc/computer_vision/weights) by extensions ['colcon_pkg']
[0.385s] Level 1:colcon.colcon_core.package_identification:_identify(/home/tj/Programming/ROS2/OSS/oss_ws/oss_ws/src/optical_sorting_system/optical_sorting_system/pc/computer_vision/weights) by extension 'colcon_pkg'
[0.385s] Level 1:colcon.colcon_core.package_identification:_identify(/home/tj/Programming/ROS2/OSS/oss_ws/oss_ws/src/optical_sorting_system/optical_sorting_system/pc/computer_vision/weights) by extensions ['colcon_meta']
[0.385s] Level 1:colcon.colcon_core.package_identification:_identify(/home/tj/Programming/ROS2/OSS/oss_ws/oss_ws/src/optical_sorting_system/optical_sorting_system/pc/computer_vision/weights) by extension 'colcon_meta'
[0.385s] Level 1:colcon.colcon_core.package_identification:_identify(/home/tj/Programming/ROS2/OSS/oss_ws/oss_ws/src/optical_sorting_system/optical_sorting_system/pc/computer_vision/weights) by extensions ['ros']
[0.385s] Level 1:colcon.colcon_core.package_identification:_identify(/home/tj/Programming/ROS2/OSS/oss_ws/oss_ws/src/optical_sorting_system/optical_sorting_system/pc/computer_vision/weights) by extension 'ros'
[0.385s] Level 1:colcon.colcon_core.package_identification:_identify(/home/tj/Programming/ROS2/OSS/oss_ws/oss_ws/src/optical_sorting_system/optical_sorting_system/pc/computer_vision/weights) by extensions ['cmake', 'python']
[0.385s] Level 1:colcon.colcon_core.package_identification:_identify(/home/tj/Programming/ROS2/OSS/oss_ws/oss_ws/src/optical_sorting_system/optical_sorting_system/pc/computer_vision/weights) by extension 'cmake'
[0.385s] Level 1:colcon.colcon_core.package_identification:_identify(/home/tj/Programming/ROS2/OSS/oss_ws/oss_ws/src/optical_sorting_system/optical_sorting_system/pc/computer_vision/weights) by extension 'python'
[0.385s] Level 1:colcon.colcon_core.package_identification:_identify(/home/tj/Programming/ROS2/OSS/oss_ws/oss_ws/src/optical_sorting_system/optical_sorting_system/pc/computer_vision/weights) by extensions ['python_setup_py']
[0.385s] Level 1:colcon.colcon_core.package_identification:_identify(/home/tj/Programming/ROS2/OSS/oss_ws/oss_ws/src/optical_sorting_system/optical_sorting_system/pc/computer_vision/weights) by extension 'python_setup_py'
[0.386s] Level 1:colcon.colcon_core.package_identification:_identify(/home/tj/Programming/ROS2/OSS/oss_ws/oss_ws/src/optical_sorting_system/optical_sorting_system/weights) by extensions ['ignore', 'ignore_ament_install']
[0.386s] Level 1:colcon.colcon_core.package_identification:_identify(/home/tj/Programming/ROS2/OSS/oss_ws/oss_ws/src/optical_sorting_system/optical_sorting_system/weights) by extension 'ignore'
[0.386s] Level 1:colcon.colcon_core.package_identification:_identify(/home/tj/Programming/ROS2/OSS/oss_ws/oss_ws/src/optical_sorting_system/optical_sorting_system/weights) by extension 'ignore_ament_install'
[0.386s] Level 1:colcon.colcon_core.package_identification:_identify(/home/tj/Programming/ROS2/OSS/oss_ws/oss_ws/src/optical_sorting_system/optical_sorting_system/weights) by extensions ['colcon_pkg']
[0.386s] Level 1:colcon.colcon_core.package_identification:_identify(/home/tj/Programming/ROS2/OSS/oss_ws/oss_ws/src/optical_sorting_system/optical_sorting_system/weights) by extension 'colcon_pkg'
[0.386s] Level 1:colcon.colcon_core.package_identification:_identify(/home/tj/Programming/ROS2/OSS/oss_ws/oss_ws/src/optical_sorting_system/optical_sorting_system/weights) by extensions ['colcon_meta']
[0.386s] Level 1:colcon.colcon_core.package_identification:_identify(/home/tj/Programming/ROS2/OSS/oss_ws/oss_ws/src/optical_sorting_system/optical_sorting_system/weights) by extension 'colcon_meta'
[0.386s] Level 1:colcon.colcon_core.package_identification:_identify(/home/tj/Programming/ROS2/OSS/oss_ws/oss_ws/src/optical_sorting_system/optical_sorting_system/weights) by extensions ['ros']
[0.386s] Level 1:colcon.colcon_core.package_identification:_identify(/home/tj/Programming/ROS2/OSS/oss_ws/oss_ws/src/optical_sorting_system/optical_sorting_system/weights) by extension 'ros'
[0.386s] Level 1:colcon.colcon_core.package_identification:_identify(/home/tj/Programming/ROS2/OSS/oss_ws/oss_ws/src/optical_sorting_system/optical_sorting_system/weights) by extensions ['cmake', 'python']
[0.386s] Level 1:colcon.colcon_core.package_identification:_identify(/home/tj/Programming/ROS2/OSS/oss_ws/oss_ws/src/optical_sorting_system/optical_sorting_system/weights) by extension 'cmake'
[0.386s] Level 1:colcon.colcon_core.package_identification:_identify(/home/tj/Programming/ROS2/OSS/oss_ws/oss_ws/src/optical_sorting_system/optical_sorting_system/weights) by extension 'python'
[0.386s] Level 1:colcon.colcon_core.package_identification:_identify(/home/tj/Programming/ROS2/OSS/oss_ws/oss_ws/src/optical_sorting_system/optical_sorting_system/weights) by extensions ['python_setup_py']
[0.386s] Level 1:colcon.colcon_core.package_identification:_identify(/home/tj/Programming/ROS2/OSS/oss_ws/oss_ws/src/optical_sorting_system/optical_sorting_system/weights) by extension 'python_setup_py'
[0.386s] Level 1:colcon.colcon_core.package_identification:_identify(/home/tj/Programming/ROS2/OSS/oss_ws/runs) by extensions ['ignore', 'ignore_ament_install']
[0.386s] Level 1:colcon.colcon_core.package_identification:_identify(/home/tj/Programming/ROS2/OSS/oss_ws/runs) by extension 'ignore'
[0.386s] Level 1:colcon.colcon_core.package_identification:_identify(/home/tj/Programming/ROS2/OSS/oss_ws/runs) by extension 'ignore_ament_install'
[0.386s] Level 1:colcon.colcon_core.package_identification:_identify(/home/tj/Programming/ROS2/OSS/oss_ws/runs) by extensions ['colcon_pkg']
[0.387s] Level 1:colcon.colcon_core.package_identification:_identify(/home/tj/Programming/ROS2/OSS/oss_ws/runs) by extension 'colcon_pkg'
[0.387s] Level 1:colcon.colcon_core.package_identification:_identify(/home/tj/Programming/ROS2/OSS/oss_ws/runs) by extensions ['colcon_meta']
[0.387s] Level 1:colcon.colcon_core.package_identification:_identify(/home/tj/Programming/ROS2/OSS/oss_ws/runs) by extension 'colcon_meta'
[0.387s] Level 1:colcon.colcon_core.package_identification:_identify(/home/tj/Programming/ROS2/OSS/oss_ws/runs) by extensions ['ros']
[0.387s] Level 1:colcon.colcon_core.package_identification:_identify(/home/tj/Programming/ROS2/OSS/oss_ws/runs) by extension 'ros'
[0.387s] Level 1:colcon.colcon_core.package_identification:_identify(/home/tj/Programming/ROS2/OSS/oss_ws/runs) by extensions ['cmake', 'python']
[0.387s] Level 1:colcon.colcon_core.package_identification:_identify(/home/tj/Programming/ROS2/OSS/oss_ws/runs) by extension 'cmake'
[0.387s] Level 1:colcon.colcon_core.package_identification:_identify(/home/tj/Programming/ROS2/OSS/oss_ws/runs) by extension 'python'
[0.387s] Level 1:colcon.colcon_core.package_identification:_identify(/home/tj/Programming/ROS2/OSS/oss_ws/runs) by extensions ['python_setup_py']
[0.387s] Level 1:colcon.colcon_core.package_identification:_identify(/home/tj/Programming/ROS2/OSS/oss_ws/runs) by extension 'python_setup_py'
[0.387s] Level 1:colcon.colcon_core.package_identification:_identify(/home/tj/Programming/ROS2/OSS/oss_ws/runs/detect) by extensions ['ignore', 'ignore_ament_install']
[0.387s] Level 1:colcon.colcon_core.package_identification:_identify(/home/tj/Programming/ROS2/OSS/oss_ws/runs/detect) by extension 'ignore'
[0.387s] Level 1:colcon.colcon_core.package_identification:_identify(/home/tj/Programming/ROS2/OSS/oss_ws/runs/detect) by extension 'ignore_ament_install'
[0.387s] Level 1:colcon.colcon_core.package_identification:_identify(/home/tj/Programming/ROS2/OSS/oss_ws/runs/detect) by extensions ['colcon_pkg']
[0.387s] Level 1:colcon.colcon_core.package_identification:_identify(/home/tj/Programming/ROS2/OSS/oss_ws/runs/detect) by extension 'colcon_pkg'
[0.387s] Level 1:colcon.colcon_core.package_identification:_identify(/home/tj/Programming/ROS2/OSS/oss_ws/runs/detect) by extensions ['colcon_meta']
[0.387s] Level 1:colcon.colcon_core.package_identification:_identify(/home/tj/Programming/ROS2/OSS/oss_ws/runs/detect) by extension 'colcon_meta'
[0.387s] Level 1:colcon.colcon_core.package_identification:_identify(/home/tj/Programming/ROS2/OSS/oss_ws/runs/detect) by extensions ['ros']
[0.387s] Level 1:colcon.colcon_core.package_identification:_identify(/home/tj/Programming/ROS2/OSS/oss_ws/runs/detect) by extension 'ros'
[0.388s] Level 1:colcon.colcon_core.package_identification:_identify(/home/tj/Programming/ROS2/OSS/oss_ws/runs/detect) by extensions ['cmake', 'python']
[0.388s] Level 1:colcon.colcon_core.package_identification:_identify(/home/tj/Programming/ROS2/OSS/oss_ws/runs/detect) by extension 'cmake'
[0.388s] Level 1:colcon.colcon_core.package_identification:_identify(/home/tj/Programming/ROS2/OSS/oss_ws/runs/detect) by extension 'python'
[0.388s] Level 1:colcon.colcon_core.package_identification:_identify(/home/tj/Programming/ROS2/OSS/oss_ws/runs/detect) by extensions ['python_setup_py']
[0.388s] Level 1:colcon.colcon_core.package_identification:_identify(/home/tj/Programming/ROS2/OSS/oss_ws/runs/detect) by extension 'python_setup_py'
[0.388s] Level 1:colcon.colcon_core.package_identification:_identify(/home/tj/Programming/ROS2/OSS/oss_ws/runs/detect/train) by extensions ['ignore', 'ignore_ament_install']
[0.388s] Level 1:colcon.colcon_core.package_identification:_identify(/home/tj/Programming/ROS2/OSS/oss_ws/runs/detect/train) by extension 'ignore'
[0.388s] Level 1:colcon.colcon_core.package_identification:_identify(/home/tj/Programming/ROS2/OSS/oss_ws/runs/detect/train) by extension 'ignore_ament_install'
[0.388s] Level 1:colcon.colcon_core.package_identification:_identify(/home/tj/Programming/ROS2/OSS/oss_ws/runs/detect/train) by extensions ['colcon_pkg']
[0.388s] Level 1:colcon.colcon_core.package_identification:_identify(/home/tj/Programming/ROS2/OSS/oss_ws/runs/detect/train) by extension 'colcon_pkg'
[0.388s] Level 1:colcon.colcon_core.package_identification:_identify(/home/tj/Programming/ROS2/OSS/oss_ws/runs/detect/train) by extensions ['colcon_meta']
[0.388s] Level 1:colcon.colcon_core.package_identification:_identify(/home/tj/Programming/ROS2/OSS/oss_ws/runs/detect/train) by extension 'colcon_meta'
[0.388s] Level 1:colcon.colcon_core.package_identification:_identify(/home/tj/Programming/ROS2/OSS/oss_ws/runs/detect/train) by extensions ['ros']
[0.388s] Level 1:colcon.colcon_core.package_identification:_identify(/home/tj/Programming/ROS2/OSS/oss_ws/runs/detect/train) by extension 'ros'
[0.388s] Level 1:colcon.colcon_core.package_identification:_identify(/home/tj/Programming/ROS2/OSS/oss_ws/runs/detect/train) by extensions ['cmake', 'python']
[0.388s] Level 1:colcon.colcon_core.package_identification:_identify(/home/tj/Programming/ROS2/OSS/oss_ws/runs/detect/train) by extension 'cmake'
[0.389s] Level 1:colcon.colcon_core.package_identification:_identify(/home/tj/Programming/ROS2/OSS/oss_ws/runs/detect/train) by extension 'python'
[0.389s] Level 1:colcon.colcon_core.package_identification:_identify(/home/tj/Programming/ROS2/OSS/oss_ws/runs/detect/train) by extensions ['python_setup_py']
[0.389s] Level 1:colcon.colcon_core.package_identification:_identify(/home/tj/Programming/ROS2/OSS/oss_ws/runs/detect/train) by extension 'python_setup_py'
[0.389s] Level 1:colcon.colcon_core.package_identification:_identify(/home/tj/Programming/ROS2/OSS/oss_ws/runs/detect/train/weights) by extensions ['ignore', 'ignore_ament_install']
[0.389s] Level 1:colcon.colcon_core.package_identification:_identify(/home/tj/Programming/ROS2/OSS/oss_ws/runs/detect/train/weights) by extension 'ignore'
[0.389s] Level 1:colcon.colcon_core.package_identification:_identify(/home/tj/Programming/ROS2/OSS/oss_ws/runs/detect/train/weights) by extension 'ignore_ament_install'
[0.389s] Level 1:colcon.colcon_core.package_identification:_identify(/home/tj/Programming/ROS2/OSS/oss_ws/runs/detect/train/weights) by extensions ['colcon_pkg']
[0.389s] Level 1:colcon.colcon_core.package_identification:_identify(/home/tj/Programming/ROS2/OSS/oss_ws/runs/detect/train/weights) by extension 'colcon_pkg'
[0.389s] Level 1:colcon.colcon_core.package_identification:_identify(/home/tj/Programming/ROS2/OSS/oss_ws/runs/detect/train/weights) by extensions ['colcon_meta']
[0.389s] Level 1:colcon.colcon_core.package_identification:_identify(/home/tj/Programming/ROS2/OSS/oss_ws/runs/detect/train/weights) by extension 'colcon_meta'
[0.389s] Level 1:colcon.colcon_core.package_identification:_identify(/home/tj/Programming/ROS2/OSS/oss_ws/runs/detect/train/weights) by extensions ['ros']
[0.389s] Level 1:colcon.colcon_core.package_identification:_identify(/home/tj/Programming/ROS2/OSS/oss_ws/runs/detect/train/weights) by extension 'ros'
[0.389s] Level 1:colcon.colcon_core.package_identification:_identify(/home/tj/Programming/ROS2/OSS/oss_ws/runs/detect/train/weights) by extensions ['cmake', 'python']
[0.389s] Level 1:colcon.colcon_core.package_identification:_identify(/home/tj/Programming/ROS2/OSS/oss_ws/runs/detect/train/weights) by extension 'cmake'
[0.389s] Level 1:colcon.colcon_core.package_identification:_identify(/home/tj/Programming/ROS2/OSS/oss_ws/runs/detect/train/weights) by extension 'python'
[0.389s] Level 1:colcon.colcon_core.package_identification:_identify(/home/tj/Programming/ROS2/OSS/oss_ws/runs/detect/train/weights) by extensions ['python_setup_py']
[0.389s] Level 1:colcon.colcon_core.package_identification:_identify(/home/tj/Programming/ROS2/OSS/oss_ws/runs/detect/train/weights) by extension 'python_setup_py'
[0.389s] Level 1:colcon.colcon_core.package_identification:_identify(/home/tj/Programming/ROS2/OSS/oss_ws/src) by extensions ['ignore', 'ignore_ament_install']
[0.389s] Level 1:colcon.colcon_core.package_identification:_identify(/home/tj/Programming/ROS2/OSS/oss_ws/src) by extension 'ignore'
[0.389s] Level 1:colcon.colcon_core.package_identification:_identify(/home/tj/Programming/ROS2/OSS/oss_ws/src) by extension 'ignore_ament_install'
[0.389s] Level 1:colcon.colcon_core.package_identification:_identify(/home/tj/Programming/ROS2/OSS/oss_ws/src) by extensions ['colcon_pkg']
[0.389s] Level 1:colcon.colcon_core.package_identification:_identify(/home/tj/Programming/ROS2/OSS/oss_ws/src) by extension 'colcon_pkg'
[0.390s] Level 1:colcon.colcon_core.package_identification:_identify(/home/tj/Programming/ROS2/OSS/oss_ws/src) by extensions ['colcon_meta']
[0.390s] Level 1:colcon.colcon_core.package_identification:_identify(/home/tj/Programming/ROS2/OSS/oss_ws/src) by extension 'colcon_meta'
[0.390s] Level 1:colcon.colcon_core.package_identification:_identify(/home/tj/Programming/ROS2/OSS/oss_ws/src) by extensions ['ros']
[0.390s] Level 1:colcon.colcon_core.package_identification:_identify(/home/tj/Programming/ROS2/OSS/oss_ws/src) by extension 'ros'
[0.390s] Level 1:colcon.colcon_core.package_identification:_identify(/home/tj/Programming/ROS2/OSS/oss_ws/src) by extensions ['cmake', 'python']
[0.390s] Level 1:colcon.colcon_core.package_identification:_identify(/home/tj/Programming/ROS2/OSS/oss_ws/src) by extension 'cmake'
[0.390s] Level 1:colcon.colcon_core.package_identification:_identify(/home/tj/Programming/ROS2/OSS/oss_ws/src) by extension 'python'
[0.390s] Level 1:colcon.colcon_core.package_identification:_identify(/home/tj/Programming/ROS2/OSS/oss_ws/src) by extensions ['python_setup_py']
[0.390s] Level 1:colcon.colcon_core.package_identification:_identify(/home/tj/Programming/ROS2/OSS/oss_ws/src) by extension 'python_setup_py'
[0.390s] Level 1:colcon.colcon_core.package_identification:_identify(/home/tj/Programming/ROS2/OSS/oss_ws/src/optical_sorting_system) by extensions ['ignore', 'ignore_ament_install']
[0.390s] Level 1:colcon.colcon_core.package_identification:_identify(/home/tj/Programming/ROS2/OSS/oss_ws/src/optical_sorting_system) by extension 'ignore'
[0.390s] Level 1:colcon.colcon_core.package_identification:_identify(/home/tj/Programming/ROS2/OSS/oss_ws/src/optical_sorting_system) by extension 'ignore_ament_install'
[0.390s] Level 1:colcon.colcon_core.package_identification:_identify(/home/tj/Programming/ROS2/OSS/oss_ws/src/optical_sorting_system) by extensions ['colcon_pkg']
[0.390s] Level 1:colcon.colcon_core.package_identification:_identify(/home/tj/Programming/ROS2/OSS/oss_ws/src/optical_sorting_system) by extension 'colcon_pkg'
[0.390s] Level 1:colcon.colcon_core.package_identification:_identify(/home/tj/Programming/ROS2/OSS/oss_ws/src/optical_sorting_system) by extensions ['colcon_meta']
[0.390s] Level 1:colcon.colcon_core.package_identification:_identify(/home/tj/Programming/ROS2/OSS/oss_ws/src/optical_sorting_system) by extension 'colcon_meta'
[0.390s] Level 1:colcon.colcon_core.package_identification:_identify(/home/tj/Programming/ROS2/OSS/oss_ws/src/optical_sorting_system) by extensions ['ros']
[0.390s] Level 1:colcon.colcon_core.package_identification:_identify(/home/tj/Programming/ROS2/OSS/oss_ws/src/optical_sorting_system) by extension 'ros'
[0.393s] DEBUG:colcon.colcon_core.package_identification:Package '/home/tj/Programming/ROS2/OSS/oss_ws/src/optical_sorting_system' with type 'ros.ament_python' and name 'optical_sorting_system'
[0.393s] Level 1:colcon.colcon_core.package_identification:_identify(/home/tj/Programming/ROS2/OSS/runs) by extensions ['ignore', 'ignore_ament_install']
[0.393s] Level 1:colcon.colcon_core.package_identification:_identify(/home/tj/Programming/ROS2/OSS/runs) by extension 'ignore'
[0.393s] Level 1:colcon.colcon_core.package_identification:_identify(/home/tj/Programming/ROS2/OSS/runs) by extension 'ignore_ament_install'
[0.393s] Level 1:colcon.colcon_core.package_identification:_identify(/home/tj/Programming/ROS2/OSS/runs) by extensions ['colcon_pkg']
[0.393s] Level 1:colcon.colcon_core.package_identification:_identify(/home/tj/Programming/ROS2/OSS/runs) by extension 'colcon_pkg'
[0.393s] Level 1:colcon.colcon_core.package_identification:_identify(/home/tj/Programming/ROS2/OSS/runs) by extensions ['colcon_meta']
[0.393s] Level 1:colcon.colcon_core.package_identification:_identify(/home/tj/Programming/ROS2/OSS/runs) by extension 'colcon_meta'
[0.393s] Level 1:colcon.colcon_core.package_identification:_identify(/home/tj/Programming/ROS2/OSS/runs) by extensions ['ros']
[0.393s] Level 1:colcon.colcon_core.package_identification:_identify(/home/tj/Programming/ROS2/OSS/runs) by extension 'ros'
[0.393s] Level 1:colcon.colcon_core.package_identification:_identify(/home/tj/Programming/ROS2/OSS/runs) by extensions ['cmake', 'python']
[0.393s] Level 1:colcon.colcon_core.package_identification:_identify(/home/tj/Programming/ROS2/OSS/runs) by extension 'cmake'
[0.393s] Level 1:colcon.colcon_core.package_identification:_identify(/home/tj/Programming/ROS2/OSS/runs) by extension 'python'
[0.393s] Level 1:colcon.colcon_core.package_identification:_identify(/home/tj/Programming/ROS2/OSS/runs) by extensions ['python_setup_py']
[0.393s] Level 1:colcon.colcon_core.package_identification:_identify(/home/tj/Programming/ROS2/OSS/runs) by extension 'python_setup_py'
[0.393s] Level 1:colcon.colcon_core.package_identification:_identify(/home/tj/Programming/ROS2/OSS/runs/detect) by extensions ['ignore', 'ignore_ament_install']
[0.394s] Level 1:colcon.colcon_core.package_identification:_identify(/home/tj/Programming/ROS2/OSS/runs/detect) by extension 'ignore'
[0.394s] Level 1:colcon.colcon_core.package_identification:_identify(/home/tj/Programming/ROS2/OSS/runs/detect) by extension 'ignore_ament_install'
[0.394s] Level 1:colcon.colcon_core.package_identification:_identify(/home/tj/Programming/ROS2/OSS/runs/detect) by extensions ['colcon_pkg']
[0.394s] Level 1:colcon.colcon_core.package_identification:_identify(/home/tj/Programming/ROS2/OSS/runs/detect) by extension 'colcon_pkg'
[0.394s] Level 1:colcon.colcon_core.package_identification:_identify(/home/tj/Programming/ROS2/OSS/runs/detect) by extensions ['colcon_meta']
[0.394s] Level 1:colcon.colcon_core.package_identification:_identify(/home/tj/Programming/ROS2/OSS/runs/detect) by extension 'colcon_meta'
[0.394s] Level 1:colcon.colcon_core.package_identification:_identify(/home/tj/Programming/ROS2/OSS/runs/detect) by extensions ['ros']
[0.394s] Level 1:colcon.colcon_core.package_identification:_identify(/home/tj/Programming/ROS2/OSS/runs/detect) by extension 'ros'
[0.394s] Level 1:colcon.colcon_core.package_identification:_identify(/home/tj/Programming/ROS2/OSS/runs/detect) by extensions ['cmake', 'python']
[0.394s] Level 1:colcon.colcon_core.package_identification:_identify(/home/tj/Programming/ROS2/OSS/runs/detect) by extension 'cmake'
[0.394s] Level 1:colcon.colcon_core.package_identification:_identify(/home/tj/Programming/ROS2/OSS/runs/detect) by extension 'python'
[0.394s] Level 1:colcon.colcon_core.package_identification:_identify(/home/tj/Programming/ROS2/OSS/runs/detect) by extensions ['python_setup_py']
[0.394s] Level 1:colcon.colcon_core.package_identification:_identify(/home/tj/Programming/ROS2/OSS/runs/detect) by extension 'python_setup_py'
[0.394s] Level 1:colcon.colcon_core.package_identification:_identify(/home/tj/Programming/ROS2/OSS/runs/detect/train) by extensions ['ignore', 'ignore_ament_install']
[0.394s] Level 1:colcon.colcon_core.package_identification:_identify(/home/tj/Programming/ROS2/OSS/runs/detect/train) by extension 'ignore'
[0.394s] Level 1:colcon.colcon_core.package_identification:_identify(/home/tj/Programming/ROS2/OSS/runs/detect/train) by extension 'ignore_ament_install'
[0.394s] Level 1:colcon.colcon_core.package_identification:_identify(/home/tj/Programming/ROS2/OSS/runs/detect/train) by extensions ['colcon_pkg']
[0.394s] Level 1:colcon.colcon_core.package_identification:_identify(/home/tj/Programming/ROS2/OSS/runs/detect/train) by extension 'colcon_pkg'
[0.394s] Level 1:colcon.colcon_core.package_identification:_identify(/home/tj/Programming/ROS2/OSS/runs/detect/train) by extensions ['colcon_meta']
[0.394s] Level 1:colcon.colcon_core.package_identification:_identify(/home/tj/Programming/ROS2/OSS/runs/detect/train) by extension 'colcon_meta'
[0.394s] Level 1:colcon.colcon_core.package_identification:_identify(/home/tj/Programming/ROS2/OSS/runs/detect/train) by extensions ['ros']
[0.395s] Level 1:colcon.colcon_core.package_identification:_identify(/home/tj/Programming/ROS2/OSS/runs/detect/train) by extension 'ros'
[0.395s] Level 1:colcon.colcon_core.package_identification:_identify(/home/tj/Programming/ROS2/OSS/runs/detect/train) by extensions ['cmake', 'python']
[0.395s] Level 1:colcon.colcon_core.package_identification:_identify(/home/tj/Programming/ROS2/OSS/runs/detect/train) by extension 'cmake'
[0.395s] Level 1:colcon.colcon_core.package_identification:_identify(/home/tj/Programming/ROS2/OSS/runs/detect/train) by extension 'python'
[0.395s] Level 1:colcon.colcon_core.package_identification:_identify(/home/tj/Programming/ROS2/OSS/runs/detect/train) by extensions ['python_setup_py']
[0.395s] Level 1:colcon.colcon_core.package_identification:_identify(/home/tj/Programming/ROS2/OSS/runs/detect/train) by extension 'python_setup_py'
[0.395s] Level 1:colcon.colcon_core.package_identification:_identify(/home/tj/Programming/ROS2/OSS/src) by extensions ['ignore', 'ignore_ament_install']
[0.395s] Level 1:colcon.colcon_core.package_identification:_identify(/home/tj/Programming/ROS2/OSS/src) by extension 'ignore'
[0.395s] Level 1:colcon.colcon_core.package_identification:_identify(/home/tj/Programming/ROS2/OSS/src) by extension 'ignore_ament_install'
[0.395s] Level 1:colcon.colcon_core.package_identification:_identify(/home/tj/Programming/ROS2/OSS/src) by extensions ['colcon_pkg']
[0.395s] Level 1:colcon.colcon_core.package_identification:_identify(/home/tj/Programming/ROS2/OSS/src) by extension 'colcon_pkg'
[0.395s] Level 1:colcon.colcon_core.package_identification:_identify(/home/tj/Programming/ROS2/OSS/src) by extensions ['colcon_meta']
[0.395s] Level 1:colcon.colcon_core.package_identification:_identify(/home/tj/Programming/ROS2/OSS/src) by extension 'colcon_meta'
[0.395s] Level 1:colcon.colcon_core.package_identification:_identify(/home/tj/Programming/ROS2/OSS/src) by extensions ['ros']
[0.395s] Level 1:colcon.colcon_core.package_identification:_identify(/home/tj/Programming/ROS2/OSS/src) by extension 'ros'
[0.395s] Level 1:colcon.colcon_core.package_identification:_identify(/home/tj/Programming/ROS2/OSS/src) by extensions ['cmake', 'python']
[0.395s] Level 1:colcon.colcon_core.package_identification:_identify(/home/tj/Programming/ROS2/OSS/src) by extension 'cmake'
[0.395s] Level 1:colcon.colcon_core.package_identification:_identify(/home/tj/Programming/ROS2/OSS/src) by extension 'python'
[0.395s] Level 1:colcon.colcon_core.package_identification:_identify(/home/tj/Programming/ROS2/OSS/src) by extensions ['python_setup_py']
[0.395s] Level 1:colcon.colcon_core.package_identification:_identify(/home/tj/Programming/ROS2/OSS/src) by extension 'python_setup_py'
[0.396s] Level 1:colcon.colcon_core.package_identification:_identify(/home/tj/Programming/ROS2/OSS/src/optical_sorting_system) by extensions ['ignore', 'ignore_ament_install']
[0.396s] Level 1:colcon.colcon_core.package_identification:_identify(/home/tj/Programming/ROS2/OSS/src/optical_sorting_system) by extension 'ignore'
[0.396s] Level 1:colcon.colcon_core.package_identification:_identify(/home/tj/Programming/ROS2/OSS/src/optical_sorting_system) by extension 'ignore_ament_install'
[0.396s] Level 1:colcon.colcon_core.package_identification:_identify(/home/tj/Programming/ROS2/OSS/src/optical_sorting_system) by extensions ['colcon_pkg']
[0.396s] Level 1:colcon.colcon_core.package_identification:_identify(/home/tj/Programming/ROS2/OSS/src/optical_sorting_system) by extension 'colcon_pkg'
[0.396s] Level 1:colcon.colcon_core.package_identification:_identify(/home/tj/Programming/ROS2/OSS/src/optical_sorting_system) by extensions ['colcon_meta']
[0.396s] Level 1:colcon.colcon_core.package_identification:_identify(/home/tj/Programming/ROS2/OSS/src/optical_sorting_system) by extension 'colcon_meta'
[0.396s] Level 1:colcon.colcon_core.package_identification:_identify(/home/tj/Programming/ROS2/OSS/src/optical_sorting_system) by extensions ['ros']
[0.396s] Level 1:colcon.colcon_core.package_identification:_identify(/home/tj/Programming/ROS2/OSS/src/optical_sorting_system) by extension 'ros'
[0.397s] DEBUG:colcon.colcon_core.package_identification:Package '/home/tj/Programming/ROS2/OSS/src/optical_sorting_system' with type 'ros.ament_python' and name 'optical_sorting_system'
[0.397s] Level 1:colcon.colcon_core.package_discovery:discover_packages(recursive) using defaults
